<?xml version="1.0" encoding="UTF-8"?>
<!-- Generated by org.testng.reporters.JUnitReportReporter -->
<testsuite hostname="Nileshrd" failures="0" tests="2" name="tests.LoginTest" time="15.863" errors="0" timestamp="2025-07-25T23:27:23 IST" skipped="0">
  <testcase classname="tests.LoginTest" name="testInvalidLogin" time="7.220"/>
  <testcase classname="tests.LoginTest" name="testValidLogin" time="8.643"/>
</testsuite> <!-- tests.LoginTest -->
