<?xml version="1.0" encoding="UTF-8"?>
<!-- Generated by org.testng.reporters.JUnitReportReporter -->
<testsuite hostname="Nileshrd" failures="0" tests="1" name="tests.regisrationTest" time="12.610" errors="0" timestamp="2025-07-26T21:51:33 IST" skipped="0">
  <testcase classname="tests.regisrationTest" name="testDropdownValidation" time="12.610"/>
</testsuite> <!-- tests.regisrationTest -->
