<?xml version="1.0" encoding="UTF-8"?>
<!-- Generated by org.testng.reporters.JUnitReportReporter -->
<testsuite hostname="Nileshrd" failures="0" tests="1" name="tests.ListingValidationTest" time="5.512" errors="0" timestamp="2025-07-26T22:32:21 IST" skipped="0">
  <testcase classname="tests.ListingValidationTest" name="validateProductListing" time="5.512"/>
</testsuite> <!-- tests.ListingValidationTest -->
